[debug] Debug messages enabled
[debug] Statistics enabled
[debug] Loaded plugins:
.----------------------------------------------------------------------------.
| Catalyst::Plugin::ConfigLoader  0.30                                       |
'----------------------------------------------------------------------------'

[debug] Loaded dispatcher "Catalyst::Dispatcher"
[debug] Loaded engine "Catalyst::Engine"
[debug] Found home "/home/pgn/Projects/ActiveCookbook"
[debug] Loaded Config "/home/pgn/Projects/ActiveCookbook/activecookbook.conf"
[debug] Loaded components:
.-----------------------------------------------------------------+----------.
| Class                                                           | Type     |
+-----------------------------------------------------------------+----------+
| ActiveCookbook::Controller::Root                                | instance |
'-----------------------------------------------------------------+----------'

[debug] Loaded Private actions:
.----------------------+--------------------------------------+--------------.
| Private              | Class                                | Method       |
+----------------------+--------------------------------------+--------------+
| /default             | ActiveCookbook::Controller::Root     | default      |
| /end                 | ActiveCookbook::Controller::Root     | end          |
| /index               | ActiveCookbook::Controller::Root     | index        |
'----------------------+--------------------------------------+--------------'

[debug] Loaded Path actions:
.-------------------------------------+--------------------------------------.
| Path                                | Private                              |
+-------------------------------------+--------------------------------------+
| /                                   | /index                               |
| /...                                | /default                             |
'-------------------------------------+--------------------------------------'

[info] ActiveCookbook powered by Catalyst 5.90019
HTTP::Server::PSGI: Accepting connections at http://0:3000/
[info] *** Request 1 (0.028/s) [8934] [Tue Jan  8 17:27:56 2013] ***
[debug] Path is "/"
[debug] "GET" request for "/" from "204.9.220.50"
[debug] Response Code: 200; Content-Type: text/html; charset=utf-8; Content-Length: 5513
[info] Request took 0.008803s (113.598/s)
.------------------------------------------------------------+-----------.
| Action                                                     | Time      |
+------------------------------------------------------------+-----------+
| /index                                                     | 0.000592s |
| /end                                                       | 0.000647s |
'------------------------------------------------------------+-----------'

[info] *** Request 3 (0.081/s) [8934] [Tue Jan  8 17:27:57 2013] ***
[debug] Path is "/"
[debug] "GET" request for "/" from "204.9.220.50"
[debug] Response Code: 200; Content-Type: text/html; charset=utf-8; Content-Length: 5513
[info] Request took 0.007056s (141.723/s)
.------------------------------------------------------------+-----------.
| Action                                                     | Time      |
+------------------------------------------------------------+-----------+
| /index                                                     | 0.000516s |
| /end                                                       | 0.000422s |
'------------------------------------------------------------+-----------'

[info] *** Request 5 (0.004/s) [8934] [Tue Jan  8 17:49:19 2013] ***
[debug] Path is "/"
[debug] "GET" request for "/" from "204.9.220.50"
[debug] Response Code: 200; Content-Type: text/html; charset=utf-8; Content-Length: 5513
[info] Request took 0.006940s (144.092/s)
.------------------------------------------------------------+-----------.
| Action                                                     | Time      |
+------------------------------------------------------------+-----------+
| /index                                                     | 0.000499s |
| /end                                                       | 0.000423s |
'------------------------------------------------------------+-----------'

[debug] Debug messages enabled
[debug] Statistics enabled
[debug] Loaded plugins:
.----------------------------------------------------------------------------.
| Catalyst::Plugin::ConfigLoader  0.30                                       |
'----------------------------------------------------------------------------'

[debug] Loaded dispatcher "Catalyst::Dispatcher"
[debug] Loaded engine "Catalyst::Engine"
[debug] Found home "/home/pgn/Projects/ActiveCookbook"
[debug] Loaded Config "/home/pgn/Projects/ActiveCookbook/activecookbook.conf"
[debug] Loaded components:
.-----------------------------------------------------------------+----------.
| Class                                                           | Type     |
+-----------------------------------------------------------------+----------+
| ActiveCookbook::Controller::Root                                | instance |
'-----------------------------------------------------------------+----------'

[debug] Loaded Private actions:
.----------------------+--------------------------------------+--------------.
| Private              | Class                                | Method       |
+----------------------+--------------------------------------+--------------+
| /default             | ActiveCookbook::Controller::Root     | default      |
| /end                 | ActiveCookbook::Controller::Root     | end          |
| /index               | ActiveCookbook::Controller::Root     | index        |
'----------------------+--------------------------------------+--------------'

[debug] Loaded Path actions:
.-------------------------------------+--------------------------------------.
| Path                                | Private                              |
+-------------------------------------+--------------------------------------+
| /                                   | /index                               |
| /...                                | /default                             |
'-------------------------------------+--------------------------------------'

[info] ActiveCookbook powered by Catalyst 5.90019
HTTP::Server::PSGI: Accepting connections at http://0:3000/
[info] *** Request 1 (0.043/s) [5562] [Wed Jan  9 12:43:15 2013] ***
[debug] Path is "/"
[debug] "GET" request for "/" from "204.9.220.50"
[debug] Response Code: 200; Content-Type: text/html; charset=utf-8; Content-Length: 5513
[info] Request took 0.008684s (115.154/s)
.------------------------------------------------------------+-----------.
| Action                                                     | Time      |
+------------------------------------------------------------+-----------+
| /index                                                     | 0.000584s |
| /end                                                       | 0.000656s |
'------------------------------------------------------------+-----------'

[debug] Debug messages enabled
[debug] Statistics enabled
[debug] Loaded plugins:
.----------------------------------------------------------------------------.
| Catalyst::Plugin::ConfigLoader  0.30                                       |
'----------------------------------------------------------------------------'

[debug] Loaded dispatcher "Catalyst::Dispatcher"
[debug] Loaded engine "Catalyst::Engine"
[debug] Found home "/home/pgn/Projects/ActiveCookbook"
[debug] Loaded Config "/home/pgn/Projects/ActiveCookbook/activecookbook.conf"
[debug] Loaded components:
.-----------------------------------------------------------------+----------.
| Class                                                           | Type     |
+-----------------------------------------------------------------+----------+
| ActiveCookbook::Controller::Root                                | instance |
'-----------------------------------------------------------------+----------'

[debug] Loaded Private actions:
.----------------------+--------------------------------------+--------------.
| Private              | Class                                | Method       |
+----------------------+--------------------------------------+--------------+
| /default             | ActiveCookbook::Controller::Root     | default      |
| /end                 | ActiveCookbook::Controller::Root     | end          |
| /index               | ActiveCookbook::Controller::Root     | index        |
'----------------------+--------------------------------------+--------------'

[debug] Loaded Path actions:
.-------------------------------------+--------------------------------------.
| Path                                | Private                              |
+-------------------------------------+--------------------------------------+
| /                                   | /index                               |
| /...                                | /default                             |
'-------------------------------------+--------------------------------------'

[info] ActiveCookbook powered by Catalyst 5.90019
HTTP::Server::PSGI: Accepting connections at http://0:3000/
[info] *** Request 1 (0.037/s) [5935] [Wed Jan  9 15:20:05 2013] ***
[debug] Path is "/"
[debug] "GET" request for "/" from "204.9.220.50"
[debug] Response Code: 200; Content-Type: text/html; charset=utf-8; Content-Length: 5513
[info] Request took 0.008699s (114.956/s)
.------------------------------------------------------------+-----------.
| Action                                                     | Time      |
+------------------------------------------------------------+-----------+
| /index                                                     | 0.000615s |
| /end                                                       | 0.000645s |
'------------------------------------------------------------+-----------'

[info] *** Request 3 (0.081/s) [5935] [Wed Jan  9 15:20:15 2013] ***
[debug] Path is "/"
[debug] "GET" request for "/" from "204.9.220.50"
[debug] Response Code: 200; Content-Type: text/html; charset=utf-8; Content-Length: 5513
[info] Request took 0.007063s (141.583/s)
.------------------------------------------------------------+-----------.
| Action                                                     | Time      |
+------------------------------------------------------------+-----------+
| /index                                                     | 0.000510s |
| /end                                                       | 0.000418s |
'------------------------------------------------------------+-----------'

[debug] Debug messages enabled
[debug] Statistics enabled
[debug] Loaded plugins:
.----------------------------------------------------------------------------.
| Catalyst::Plugin::ConfigLoader  0.30                                       |
'----------------------------------------------------------------------------'

[debug] Loaded dispatcher "Catalyst::Dispatcher"
[debug] Loaded engine "Catalyst::Engine"
[debug] Found home "/home/pgn/Projects/ActiveCookbook"
[debug] Loaded Config "/home/pgn/Projects/ActiveCookbook/activecookbook.conf"
[debug] Loaded components:
.-----------------------------------------------------------------+----------.
| Class                                                           | Type     |
+-----------------------------------------------------------------+----------+
| ActiveCookbook::Controller::Root                                | instance |
'-----------------------------------------------------------------+----------'

[debug] Loaded Private actions:
.----------------------+--------------------------------------+--------------.
| Private              | Class                                | Method       |
+----------------------+--------------------------------------+--------------+
| /default             | ActiveCookbook::Controller::Root     | default      |
| /end                 | ActiveCookbook::Controller::Root     | end          |
| /index               | ActiveCookbook::Controller::Root     | index        |
'----------------------+--------------------------------------+--------------'

[debug] Loaded Path actions:
.-------------------------------------+--------------------------------------.
| Path                                | Private                              |
+-------------------------------------+--------------------------------------+
| /                                   | /index                               |
| /...                                | /default                             |
'-------------------------------------+--------------------------------------'

[info] ActiveCookbook powered by Catalyst 5.90019
HTTP::Server::PSGI: Accepting connections at http://0:3000/

Saw changes to the following files:
 - /home/pgn/Projects/ActiveCookbook/lib/ActiveCookbook/Controller/Root.pm (modify)

Attempting to restart the server

[debug] Debug messages enabled
[debug] Statistics enabled
[debug] Loaded plugins:
.----------------------------------------------------------------------------.
| Catalyst::Plugin::ConfigLoader  0.30                                       |
'----------------------------------------------------------------------------'

[debug] Loaded dispatcher "Catalyst::Dispatcher"
[debug] Loaded engine "Catalyst::Engine"
[debug] Found home "/home/pgn/Projects/ActiveCookbook"
[debug] Loaded Config "/home/pgn/Projects/ActiveCookbook/activecookbook.conf"
[debug] Loaded components:
.-----------------------------------------------------------------+----------.
| Class                                                           | Type     |
+-----------------------------------------------------------------+----------+
| ActiveCookbook::Controller::Root                                | instance |
'-----------------------------------------------------------------+----------'

[debug] Loaded Private actions:
.----------------------+--------------------------------------+--------------.
| Private              | Class                                | Method       |
+----------------------+--------------------------------------+--------------+
| /default             | ActiveCookbook::Controller::Root     | default      |
| /end                 | ActiveCookbook::Controller::Root     | end          |
| /index               | ActiveCookbook::Controller::Root     | index        |
| /hello               | ActiveCookbook::Controller::Root     | hello        |
'----------------------+--------------------------------------+--------------'

[debug] Loaded Path actions:
.-------------------------------------+--------------------------------------.
| Path                                | Private                              |
+-------------------------------------+--------------------------------------+
| /                                   | /index                               |
| /...                                | /default                             |
| /hello/...                          | /hello                               |
'-------------------------------------+--------------------------------------'

[info] ActiveCookbook powered by Catalyst 5.90019
HTTP::Server::PSGI: Accepting connections at http://0:3000/
[info] *** Request 1 (0.001/s) [6424] [Wed Jan  9 16:10:42 2013] ***
[debug] Path is "hello"
[debug] "GET" request for "hello" from "204.9.220.50"
[debug] Response Code: 200; Content-Type: text/html; charset=utf-8; Content-Length: 8
[info] Request took 0.008963s (111.570/s)
.------------------------------------------------------------+-----------.
| Action                                                     | Time      |
+------------------------------------------------------------+-----------+
| /hello                                                     | 0.000349s |
| /end                                                       | 0.000673s |
'------------------------------------------------------------+-----------'

[debug] Debug messages enabled
[debug] Statistics enabled
[debug] Loaded plugins:
.----------------------------------------------------------------------------.
| Catalyst::Plugin::ConfigLoader  0.30                                       |
'----------------------------------------------------------------------------'

[debug] Loaded dispatcher "Catalyst::Dispatcher"
[debug] Loaded engine "Catalyst::Engine"
[debug] Found home "/home/pgn/Projects/ActiveCookbook"
[debug] Loaded Config "/home/pgn/Projects/ActiveCookbook/activecookbook.conf"
[debug] Loaded components:
.-----------------------------------------------------------------+----------.
| Class                                                           | Type     |
+-----------------------------------------------------------------+----------+
| ActiveCookbook::Controller::Root                                | instance |
'-----------------------------------------------------------------+----------'

[debug] Loaded Private actions:
.----------------------+--------------------------------------+--------------.
| Private              | Class                                | Method       |
+----------------------+--------------------------------------+--------------+
| /default             | ActiveCookbook::Controller::Root     | default      |
| /end                 | ActiveCookbook::Controller::Root     | end          |
| /index               | ActiveCookbook::Controller::Root     | index        |
| /hello               | ActiveCookbook::Controller::Root     | hello        |
'----------------------+--------------------------------------+--------------'

[debug] Loaded Path actions:
.-------------------------------------+--------------------------------------.
| Path                                | Private                              |
+-------------------------------------+--------------------------------------+
| /                                   | /index                               |
| /...                                | /default                             |
| /hello/...                          | /hello                               |
'-------------------------------------+--------------------------------------'

[info] ActiveCookbook powered by Catalyst 5.90019
HTTP::Server::PSGI: Accepting connections at http://0:3000/

Saw changes to the following files:
 - /home/pgn/Projects/ActiveCookbook/lib/ActiveCookbook/View/HTML.pm (create)

Attempting to restart the server

[debug] Debug messages enabled
[debug] Statistics enabled
[debug] Loaded plugins:
.----------------------------------------------------------------------------.
| Catalyst::Plugin::ConfigLoader  0.30                                       |
'----------------------------------------------------------------------------'

[debug] Loaded dispatcher "Catalyst::Dispatcher"
[debug] Loaded engine "Catalyst::Engine"
[debug] Found home "/home/pgn/Projects/ActiveCookbook"
[debug] Loaded Config "/home/pgn/Projects/ActiveCookbook/activecookbook.conf"
[debug] Loaded components:
.-----------------------------------------------------------------+----------.
| Class                                                           | Type     |
+-----------------------------------------------------------------+----------+
| ActiveCookbook::Controller::Root                                | instance |
| ActiveCookbook::View::HTML                                      | instance |
'-----------------------------------------------------------------+----------'

[debug] Loaded Private actions:
.----------------------+--------------------------------------+--------------.
| Private              | Class                                | Method       |
+----------------------+--------------------------------------+--------------+
| /default             | ActiveCookbook::Controller::Root     | default      |
| /end                 | ActiveCookbook::Controller::Root     | end          |
| /index               | ActiveCookbook::Controller::Root     | index        |
| /hello               | ActiveCookbook::Controller::Root     | hello        |
'----------------------+--------------------------------------+--------------'

[debug] Loaded Path actions:
.-------------------------------------+--------------------------------------.
| Path                                | Private                              |
+-------------------------------------+--------------------------------------+
| /                                   | /index                               |
| /...                                | /default                             |
| /hello/...                          | /hello                               |
'-------------------------------------+--------------------------------------'

[info] ActiveCookbook powered by Catalyst 5.90019
HTTP::Server::PSGI: Accepting connections at http://0:3000/

Saw changes to the following files:
 - /home/pgn/Projects/ActiveCookbook/lib/ActiveCookbook/Controller/Root.pm (modify)

Attempting to restart the server

[debug] Debug messages enabled
[debug] Statistics enabled
[debug] Loaded plugins:
.----------------------------------------------------------------------------.
| Catalyst::Plugin::ConfigLoader  0.30                                       |
'----------------------------------------------------------------------------'

[debug] Loaded dispatcher "Catalyst::Dispatcher"
[debug] Loaded engine "Catalyst::Engine"
[debug] Found home "/home/pgn/Projects/ActiveCookbook"
[debug] Loaded Config "/home/pgn/Projects/ActiveCookbook/activecookbook.conf"
[debug] Loaded components:
.-----------------------------------------------------------------+----------.
| Class                                                           | Type     |
+-----------------------------------------------------------------+----------+
| ActiveCookbook::Controller::Root                                | instance |
| ActiveCookbook::View::HTML                                      | instance |
'-----------------------------------------------------------------+----------'

[debug] Loaded Private actions:
.----------------------+--------------------------------------+--------------.
| Private              | Class                                | Method       |
+----------------------+--------------------------------------+--------------+
| /default             | ActiveCookbook::Controller::Root     | default      |
| /end                 | ActiveCookbook::Controller::Root     | end          |
| /index               | ActiveCookbook::Controller::Root     | index        |
| /hello               | ActiveCookbook::Controller::Root     | hello        |
'----------------------+--------------------------------------+--------------'

[debug] Loaded Path actions:
.-------------------------------------+--------------------------------------.
| Path                                | Private                              |
+-------------------------------------+--------------------------------------+
| /                                   | /index                               |
| /...                                | /default                             |
| /hello/...                          | /hello                               |
'-------------------------------------+--------------------------------------'

[info] ActiveCookbook powered by Catalyst 5.90019
HTTP::Server::PSGI: Accepting connections at http://0:3000/
[info] *** Request 1 (0.001/s) [2235] [Wed Jan  9 23:12:28 2013] ***
[debug] Path is "hello"
[debug] "GET" request for "hello" from "24.60.103.7"
[debug] Rendering template "hello.tt"
[debug] Response Code: 200; Content-Type: text/html; charset=utf-8; Content-Length: 57
[info] Request took 0.043412s (23.035/s)
.------------------------------------------------------------+-----------.
| Action                                                     | Time      |
+------------------------------------------------------------+-----------+
| /hello                                                     | 0.000367s |
| /end                                                       | 0.034930s |
|  -> ActiveCookbook::View::HTML->process                    | 0.033319s |
'------------------------------------------------------------+-----------'


Saw changes to the following files:
 - /home/pgn/Projects/ActiveCookbook/lib/ActiveCookbook/Controller/Site.pm (create)

Attempting to restart the server

[debug] Debug messages enabled
[debug] Statistics enabled
[debug] Loaded plugins:
.----------------------------------------------------------------------------.
| Catalyst::Plugin::ConfigLoader  0.30                                       |
'----------------------------------------------------------------------------'

[debug] Loaded dispatcher "Catalyst::Dispatcher"
[debug] Loaded engine "Catalyst::Engine"
[debug] Found home "/home/pgn/Projects/ActiveCookbook"
[debug] Loaded Config "/home/pgn/Projects/ActiveCookbook/activecookbook.conf"
[debug] Loaded components:
.-----------------------------------------------------------------+----------.
| Class                                                           | Type     |
+-----------------------------------------------------------------+----------+
| ActiveCookbook::Controller::Root                                | instance |
| ActiveCookbook::Controller::Site                                | instance |
| ActiveCookbook::View::HTML                                      | instance |
'-----------------------------------------------------------------+----------'

[debug] Loaded Private actions:
.----------------------+--------------------------------------+--------------.
| Private              | Class                                | Method       |
+----------------------+--------------------------------------+--------------+
| /default             | ActiveCookbook::Controller::Root     | default      |
| /end                 | ActiveCookbook::Controller::Root     | end          |
| /index               | ActiveCookbook::Controller::Root     | index        |
| /hello               | ActiveCookbook::Controller::Root     | hello        |
| /site/index          | ActiveCookbook::Controller::Site     | index        |
'----------------------+--------------------------------------+--------------'

[debug] Loaded Path actions:
.-------------------------------------+--------------------------------------.
| Path                                | Private                              |
+-------------------------------------+--------------------------------------+
| /                                   | /index                               |
| /...                                | /default                             |
| /hello/...                          | /hello                               |
| /site/                              | /site/index                          |
'-------------------------------------+--------------------------------------'

[info] ActiveCookbook powered by Catalyst 5.90019
HTTP::Server::PSGI: Accepting connections at http://0:3000/

Saw changes to the following files:
 - /home/pgn/Projects/ActiveCookbook/lib/ActiveCookbook/Controller/Site.pm (modify)

Attempting to restart the server

Can't find string terminator "`" anywhere before EOF at /home/pgn/Projects/ActiveCookbook/script/../lib/ActiveCookbook/Controller/Site.pm line 37.
Compilation failed in require at /usr/local/share/perl/5.14.2/Catalyst/Utils.pm line 306.
Compilation failed in require at /usr/local/share/perl/5.14.2/Catalyst/Restarter/Forking.pm line 20.

Saw changes to the following files:
 - /home/pgn/Projects/ActiveCookbook/lib/ActiveCookbook/Controller/Site.pm (modify)

Attempting to restart the server

[debug] Debug messages enabled
[debug] Statistics enabled
[debug] Loaded plugins:
.----------------------------------------------------------------------------.
| Catalyst::Plugin::ConfigLoader  0.30                                       |
'----------------------------------------------------------------------------'

[debug] Loaded dispatcher "Catalyst::Dispatcher"
[debug] Loaded engine "Catalyst::Engine"
[debug] Found home "/home/pgn/Projects/ActiveCookbook"
[debug] Loaded Config "/home/pgn/Projects/ActiveCookbook/activecookbook.conf"
[debug] Loaded components:
.-----------------------------------------------------------------+----------.
| Class                                                           | Type     |
+-----------------------------------------------------------------+----------+
| ActiveCookbook::Controller::Root                                | instance |
| ActiveCookbook::Controller::Site                                | instance |
| ActiveCookbook::View::HTML                                      | instance |
'-----------------------------------------------------------------+----------'

[debug] Loaded Private actions:
.----------------------+--------------------------------------+--------------.
| Private              | Class                                | Method       |
+----------------------+--------------------------------------+--------------+
| /default             | ActiveCookbook::Controller::Root     | default      |
| /end                 | ActiveCookbook::Controller::Root     | end          |
| /index               | ActiveCookbook::Controller::Root     | index        |
| /hello               | ActiveCookbook::Controller::Root     | hello        |
| /site/test           | ActiveCookbook::Controller::Site     | test         |
| /site/index          | ActiveCookbook::Controller::Site     | index        |
'----------------------+--------------------------------------+--------------'

[debug] Loaded Path actions:
.-------------------------------------+--------------------------------------.
| Path                                | Private                              |
+-------------------------------------+--------------------------------------+
| /                                   | /index                               |
| /...                                | /default                             |
| /hello/...                          | /hello                               |
| /site/                              | /site/index                          |
| /site/test/...                      | /site/test                           |
'-------------------------------------+--------------------------------------'

[info] ActiveCookbook powered by Catalyst 5.90019
HTTP::Server::PSGI: Accepting connections at http://0:3000/
[info] *** Request 1 (0.000/s) [2473] [Wed Jan  9 23:26:04 2013] ***
[debug] Path is "site/test"
[debug] "GET" request for "site/test" from "24.60.103.7"
[debug] Rendering template "site/test.tt"
[debug] Response Code: 200; Content-Type: text/html; charset=utf-8; Content-Length: 24
[info] Request took 0.042395s (23.588/s)
.------------------------------------------------------------+-----------.
| Action                                                     | Time      |
+------------------------------------------------------------+-----------+
| /site/test                                                 | 0.000179s |
| /end                                                       | 0.031125s |
|  -> ActiveCookbook::View::HTML->process                    | 0.030325s |
'------------------------------------------------------------+-----------'

[info] *** Request 2 (0.000/s) [2473] [Thu Jan 10 11:12:08 2013] ***
[debug] Path is "site/test"
[debug] "GET" request for "site/test" from "204.9.220.50"
[debug] Rendering template "site/test.tt"
[debug] Response Code: 200; Content-Type: text/html; charset=utf-8; Content-Length: 24
[info] Request took 0.009247s (108.143/s)
.------------------------------------------------------------+-----------.
| Action                                                     | Time      |
+------------------------------------------------------------+-----------+
| /site/test                                                 | 0.000298s |
| /end                                                       | 0.002556s |
|  -> ActiveCookbook::View::HTML->process                    | 0.001415s |
'------------------------------------------------------------+-----------'

[info] *** Request 3 (0.000/s) [2473] [Thu Jan 10 11:12:10 2013] ***
[debug] Path is "site/test"
[debug] "GET" request for "site/test" from "204.9.220.50"
[debug] Rendering template "site/test.tt"
[debug] Response Code: 200; Content-Type: text/html; charset=utf-8; Content-Length: 24
[info] Request took 0.009233s (108.307/s)
.------------------------------------------------------------+-----------.
| Action                                                     | Time      |
+------------------------------------------------------------+-----------+
| /site/test                                                 | 0.000291s |
| /end                                                       | 0.002553s |
|  -> ActiveCookbook::View::HTML->process                    | 0.001388s |
'------------------------------------------------------------+-----------'

